<?xml version="1.0" encoding="UTF-8"?>
<!-- Generated by org.testng.reporters.JUnitXMLReporter -->
<testsuite hostname="evAbhijit" ignored="1" name="Default test" tests="1" failures="0" timestamp="07 Feb 2020 12:45:44 GMT" time="16.631" errors="0">
  <testcase name="Allocation" time="2.185" classname="com.AutomationTalks.demoproject1.testClass1"/>
  <testcase name="Edit_Allocation" time="0.0" classname="com.AutomationTalks.demoproject1.testClass1">
    <ignored/>
  </testcase> <!-- Edit_Allocation -->
</testsuite> <!-- Default test -->
