<?xml version="1.0" encoding="UTF-8"?>
<!-- Generated by org.testng.reporters.JUnitXMLReporter -->
<testsuite hostname="evAbhijit" ignored="1" name="Test" tests="1" failures="0" timestamp="07 Feb 2020 12:47:19 GMT" time="14.247" errors="0">
  <testcase name="Allocation" time="2.12" classname="com.AutomationTalks.demoproject1.testClass1"/>
  <testcase name="Edit_Allocation" time="0.0" classname="com.AutomationTalks.demoproject1.testClass1">
    <ignored/>
  </testcase> <!-- Edit_Allocation -->
</testsuite> <!-- Test -->
